<?xml version="1.0" encoding="UTF-8"?>
<!-- Generated by org.testng.reporters.JUnitXMLReporter -->
<testsuite hostname="LAP-VIP" name="firefoxTestCase(failed)" tests="6" failures="0" timestamp="1 Jun 2018 10:39:23 GMT" time="0.092" errors="0">
  <testcase name="@BeforeTest startTest" time="0.0" classname="testCases.loginToPracto">
    <failure type="java.lang.NullPointerException">
      <![CDATA[java.lang.NullPointerException
	at Libraries.commonMethods.<init>(commonMethods.java:23)
	at testCases.loginToPracto.startTest(loginToPracto.java:27)
	at java.util.concurrent.FutureTask.run(Unknown Source)
	at java.util.concurrent.ThreadPoolExecutor.runWorker(Unknown Source)
	at java.util.concurrent.ThreadPoolExecutor$Worker.run(Unknown Source)
	at java.lang.Thread.run(Unknown Source)
... Removed 14 stack frames]]>
    </failure>
  </testcase> <!-- @BeforeTest startTest -->
  <testcase name="@BeforeClass startTest" time="0.0" classname="testCases.searchDoctor">
    <skipped/>
  </testcase> <!-- @BeforeClass startTest -->
  <testcase name="@AfterClass endTest" time="0.0" classname="testCases.searchDoctor">
    <skipped/>
  </testcase> <!-- @AfterClass endTest -->
  <testcase name="@BeforeClass startTest" time="0.0" classname="testCases.safteyOfData">
    <skipped/>
  </testcase> <!-- @BeforeClass startTest -->
  <testcase name="@AfterClass endTest" time="0.0" classname="testCases.safteyOfData">
    <skipped/>
  </testcase> <!-- @AfterClass endTest -->
  <testcase name="@AfterTest closeDrivers" time="0.0" classname="testCases.loginToPracto">
    <skipped/>
  </testcase> <!-- @AfterTest closeDrivers -->
  <testcase name="loginToApp" time="0.004" classname="testCases.loginToPracto">
    <skipped/>
  </testcase> <!-- loginToApp -->
  <testcase name="listoutDoctors" time="0.0" classname="testCases.searchDoctor">
    <skipped/>
  </testcase> <!-- listoutDoctors -->
  <testcase name="listoutDoctors" time="0.0" classname="testCases.searchDoctor">
    <skipped/>
  </testcase> <!-- listoutDoctors -->
  <testcase name="listoutDoctors" time="0.016" classname="testCases.searchDoctor">
    <skipped/>
  </testcase> <!-- listoutDoctors -->
  <testcase name="listoutDoctors" time="0.0" classname="testCases.searchDoctor">
    <skipped/>
  </testcase> <!-- listoutDoctors -->
  <testcase name="checkSafteyContent" time="0.0" classname="testCases.safteyOfData">
    <skipped/>
  </testcase> <!-- checkSafteyContent -->
</testsuite> <!-- firefoxTestCase(failed) -->
