<?xml version="1.0" encoding="UTF-8"?>
<!-- Generated by org.testng.reporters.JUnitXMLReporter -->
<testsuite hostname="LAP-VIP" name="FireFoxTestCases" tests="6" failures="0" timestamp="31 May 2018 11:38:15 GMT" time="118.361" errors="0">
  <testcase name="loginToApp" time="0.014" classname="testCases.loginToPracto"/>
  <testcase name="checkSafteyContent" time="15.035" classname="testCases.safteyOfData"/>
  <testcase name="listoutDoctors" time="21.01" classname="testCases.searchDoctor"/>
  <testcase name="listoutDoctors" time="16.939" classname="testCases.searchDoctor"/>
  <testcase name="listoutDoctors" time="12.396" classname="testCases.searchDoctor"/>
  <testcase name="listoutDoctors" time="18.346" classname="testCases.searchDoctor"/>
</testsuite> <!-- FireFoxTestCases -->
