<?xml version="1.0" encoding="UTF-8"?>
<!-- Generated by org.testng.reporters.JUnitXMLReporter -->
<testsuite hostname="LAP-VIP" name="Test" tests="5" failures="0" timestamp="30 May 2018 11:38:22 GMT" time="50.233" errors="0">
  <testcase name="checkSafteyContent" time="7.668" classname="testCases.safteyOfData"/>
  <testcase name="listoutDoctors" time="9.705" classname="testCases.searchDoctor"/>
  <testcase name="listoutDoctors" time="6.447" classname="testCases.searchDoctor"/>
  <testcase name="listoutDoctors" time="6.024" classname="testCases.searchDoctor"/>
  <testcase name="listoutDoctors" time="6.061" classname="testCases.searchDoctor"/>
</testsuite> <!-- Test -->
