<?xml version="1.0" encoding="UTF-8"?>
<testng-results skipped="0" failed="0" total="1" passed="1">
  <reporter-output>
  </reporter-output>
  <suite name="Default suite" duration-ms="113542" started-at="2017-12-22T08:19:00Z" finished-at="2017-12-22T08:20:53Z">
    <groups>
    </groups>
    <test name="Default test" duration-ms="113542" started-at="2017-12-22T08:19:00Z" finished-at="2017-12-22T08:20:53Z">
      <class name="Test_Cases.iCX_TestCases">
        <test-method status="PASS" signature="MainScript()[pri:0, instance:Test_Cases.iCX_TestCases@402f32ff]" name="MainScript" duration-ms="113372" started-at="2017-12-22T13:49:00Z" finished-at="2017-12-22T13:50:53Z">
          <reporter-output>
          </reporter-output>
        </test-method> <!-- MainScript -->
      </class> <!-- Test_Cases.iCX_TestCases -->
    </test> <!-- Default test -->
  </suite> <!-- Default suite -->
</testng-results>
