<?xml version="1.0" encoding="UTF-8"?>
<testng-results skipped="0" failed="0" total="6" passed="6">
  <reporter-output>
  </reporter-output>
  <suite name="Suite" duration-ms="452828" started-at="2018-06-01T13:26:06Z" finished-at="2018-06-01T13:33:39Z">
    <groups>
    </groups>
    <test name="firefoxTestCase" duration-ms="452828" started-at="2018-06-01T13:26:06Z" finished-at="2018-06-01T13:33:39Z">
      <class name="testCases.loginToPracto">
        <test-method status="PASS" signature="startTest(java.lang.String)[pri:0, instance:testCases.loginToPracto@396a51ab]" name="startTest" is-config="true" duration-ms="9736" started-at="2018-06-01T18:56:06Z" finished-at="2018-06-01T18:56:15Z">
          <params>
            <param index="0">
              <value>
                <![CDATA[firefox]]>
              </value>
            </param>
          </params>
          <reporter-output>
          </reporter-output>
        </test-method> <!-- startTest -->
        <test-method status="PASS" signature="loginToApp()[pri:0, instance:testCases.loginToPracto@396a51ab]" name="loginToApp" duration-ms="8" started-at="2018-06-01T18:56:15Z" finished-at="2018-06-01T18:56:15Z">
          <reporter-output>
          </reporter-output>
        </test-method> <!-- loginToApp -->
        <test-method status="PASS" signature="closeDrivers()[pri:0, instance:testCases.loginToPracto@396a51ab]" name="closeDrivers" is-config="true" duration-ms="46" started-at="2018-06-01T19:03:38Z" finished-at="2018-06-01T19:03:39Z">
          <reporter-output>
          </reporter-output>
        </test-method> <!-- closeDrivers -->
      </class> <!-- testCases.loginToPracto -->
      <class name="testCases.safteyOfData">
        <test-method status="PASS" signature="startTest(java.lang.String)[pri:0, instance:testCases.safteyOfData@51081592]" name="startTest" is-config="true" duration-ms="8922" started-at="2018-06-01T18:56:15Z" finished-at="2018-06-01T18:56:24Z">
          <params>
            <param index="0">
              <value>
                <![CDATA[firefox]]>
              </value>
            </param>
          </params>
          <reporter-output>
          </reporter-output>
        </test-method> <!-- startTest -->
        <test-method status="PASS" signature="checkSafteyContent()[pri:0, instance:testCases.safteyOfData@51081592]" name="checkSafteyContent" duration-ms="13408" started-at="2018-06-01T18:56:24Z" finished-at="2018-06-01T18:56:38Z">
          <reporter-output>
          </reporter-output>
        </test-method> <!-- checkSafteyContent -->
        <test-method status="PASS" signature="endTest()[pri:0, instance:testCases.safteyOfData@51081592]" name="endTest" is-config="true" duration-ms="124" started-at="2018-06-01T18:56:38Z" finished-at="2018-06-01T18:56:38Z">
          <reporter-output>
          </reporter-output>
        </test-method> <!-- endTest -->
      </class> <!-- testCases.safteyOfData -->
      <class name="testCases.searchDoctor">
        <test-method status="PASS" signature="startTest(java.lang.String)[pri:0, instance:testCases.searchDoctor@7f9a81e8]" name="startTest" is-config="true" duration-ms="10505" started-at="2018-06-01T18:56:38Z" finished-at="2018-06-01T18:56:48Z">
          <params>
            <param index="0">
              <value>
                <![CDATA[firefox]]>
              </value>
            </param>
          </params>
          <reporter-output>
          </reporter-output>
        </test-method> <!-- startTest -->
        <test-method status="PASS" signature="listoutDoctors(java.lang.String, java.lang.String)[pri:0, instance:testCases.searchDoctor@7f9a81e8]" name="listoutDoctors" duration-ms="11623" started-at="2018-06-01T18:56:48Z" data-provider="searchcriteria" finished-at="2018-06-01T18:57:00Z">
          <params>
            <param index="0">
              <value>
                <![CDATA[Bangalore]]>
              </value>
            </param>
            <param index="1">
              <value>
                <![CDATA[Dentist]]>
              </value>
            </param>
          </params>
          <reporter-output>
          </reporter-output>
        </test-method> <!-- listoutDoctors -->
        <test-method status="PASS" signature="listoutDoctors(java.lang.String, java.lang.String)[pri:0, instance:testCases.searchDoctor@7f9a81e8]" name="listoutDoctors" duration-ms="6140" started-at="2018-06-01T18:57:00Z" data-provider="searchcriteria" finished-at="2018-06-01T18:57:06Z">
          <params>
            <param index="0">
              <value>
                <![CDATA[Chennai]]>
              </value>
            </param>
            <param index="1">
              <value>
                <![CDATA[Ayurveda]]>
              </value>
            </param>
          </params>
          <reporter-output>
          </reporter-output>
        </test-method> <!-- listoutDoctors -->
        <test-method status="PASS" signature="listoutDoctors(java.lang.String, java.lang.String)[pri:0, instance:testCases.searchDoctor@7f9a81e8]" name="listoutDoctors" duration-ms="390198" started-at="2018-06-01T18:57:06Z" data-provider="searchcriteria" finished-at="2018-06-01T19:03:36Z">
          <params>
            <param index="0">
              <value>
                <![CDATA[Delhi]]>
              </value>
            </param>
            <param index="1">
              <value>
                <![CDATA[Dermatologist]]>
              </value>
            </param>
          </params>
          <reporter-output>
          </reporter-output>
        </test-method> <!-- listoutDoctors -->
        <test-method status="PASS" signature="listoutDoctors(java.lang.String, java.lang.String)[pri:0, instance:testCases.searchDoctor@7f9a81e8]" name="listoutDoctors" duration-ms="1023" started-at="2018-06-01T19:03:36Z" data-provider="searchcriteria" finished-at="2018-06-01T19:03:37Z">
          <params>
            <param index="0">
              <value>
                <![CDATA[Cochin]]>
              </value>
            </param>
            <param index="1">
              <value>
                <![CDATA[Homoeopath]]>
              </value>
            </param>
          </params>
          <reporter-output>
          </reporter-output>
        </test-method> <!-- listoutDoctors -->
        <test-method status="FAIL" signature="endTest()[pri:0, instance:testCases.searchDoctor@7f9a81e8]" name="endTest" is-config="true" duration-ms="0" started-at="2018-06-01T19:03:37Z" finished-at="2018-06-01T19:03:37Z">
          <exception class="org.openqa.selenium.remote.UnreachableBrowserException">
            <message>
              <![CDATA[Error communicating with the remote browser. It may have died.
Build info: version: '2.53.1', revision: 'a36b8b1', time: '2016-06-30 17:37:03'
System info: host: 'LAP-VIP', ip: '192.168.43.179', os.name: 'Windows 10', os.arch: 'amd64', os.version: '10.0', java.version: '1.8.0_171'
Driver info: driver.version: RemoteWebDriver
Capabilities [{applicationCacheEnabled=true, rotatable=false, handlesAlerts=true, databaseEnabled=true, version=45.3.0, platform=WINDOWS, nativeEvents=false, acceptSslCerts=true, webStorageEnabled=true, locationContextEnabled=true, browserName=firefox, takesScreenshot=true, javascriptEnabled=true, cssSelectorsEnabled=true}]
Session ID: 4e90f73f-5d19-46fc-8886-2e474062a529]]>
            </message>
            <full-stacktrace>
              <![CDATA[org.openqa.selenium.remote.UnreachableBrowserException: Error communicating with the remote browser. It may have died.
Build info: version: '2.53.1', revision: 'a36b8b1', time: '2016-06-30 17:37:03'
System info: host: 'LAP-VIP', ip: '192.168.43.179', os.name: 'Windows 10', os.arch: 'amd64', os.version: '10.0', java.version: '1.8.0_171'
Driver info: driver.version: RemoteWebDriver
Capabilities [{applicationCacheEnabled=true, rotatable=false, handlesAlerts=true, databaseEnabled=true, version=45.3.0, platform=WINDOWS, nativeEvents=false, acceptSslCerts=true, webStorageEnabled=true, locationContextEnabled=true, browserName=firefox, takesScreenshot=true, javascriptEnabled=true, cssSelectorsEnabled=true}]
Session ID: 4e90f73f-5d19-46fc-8886-2e474062a529
	at org.openqa.selenium.remote.RemoteWebDriver.execute(RemoteWebDriver.java:665)
	at org.openqa.selenium.remote.RemoteWebDriver.execute(RemoteWebDriver.java:701)
	at org.openqa.selenium.remote.RemoteWebDriver.close(RemoteWebDriver.java:521)
	at testCases.searchDoctor.endTest(searchDoctor.java:105)
	at sun.reflect.NativeMethodAccessorImpl.invoke0(Native Method)
	at sun.reflect.NativeMethodAccessorImpl.invoke(Unknown Source)
	at sun.reflect.DelegatingMethodAccessorImpl.invoke(Unknown Source)
	at java.lang.reflect.Method.invoke(Unknown Source)
	at org.testng.internal.MethodInvocationHelper.invokeMethod(MethodInvocationHelper.java:85)
	at org.testng.internal.Invoker.invokeConfigurationMethod(Invoker.java:510)
	at org.testng.internal.Invoker.invokeConfigurations(Invoker.java:211)
	at org.testng.internal.Invoker.invokeConfigurations(Invoker.java:138)
	at org.testng.internal.TestMethodWorker.invokeAfterClassMethods(TestMethodWorker.java:220)
	at org.testng.internal.TestMethodWorker.run(TestMethodWorker.java:111)
	at org.testng.TestRunner.privateRun(TestRunner.java:774)
	at org.testng.TestRunner.run(TestRunner.java:624)
	at org.testng.SuiteRunner.runTest(SuiteRunner.java:359)
	at org.testng.SuiteRunner.access$000(SuiteRunner.java:39)
	at org.testng.SuiteRunner$SuiteWorker.run(SuiteRunner.java:393)
	at org.testng.internal.thread.ThreadUtil$2.call(ThreadUtil.java:64)
	at java.util.concurrent.FutureTask.run(Unknown Source)
	at java.util.concurrent.ThreadPoolExecutor.runWorker(Unknown Source)
	at java.util.concurrent.ThreadPoolExecutor$Worker.run(Unknown Source)
	at java.lang.Thread.run(Unknown Source)
Caused by: org.apache.http.conn.HttpHostConnectException: Connect to 127.0.0.1:7057 [/127.0.0.1] failed: Connection refused: connect
	at org.apache.http.impl.conn.DefaultHttpClientConnectionOperator.connect(DefaultHttpClientConnectionOperator.java:151)
	at org.apache.http.impl.conn.PoolingHttpClientConnectionManager.connect(PoolingHttpClientConnectionManager.java:353)
	at org.apache.http.impl.execchain.MainClientExec.establishRoute(MainClientExec.java:380)
	at org.apache.http.impl.execchain.MainClientExec.execute(MainClientExec.java:236)
	at org.apache.http.impl.execchain.ProtocolExec.execute(ProtocolExec.java:184)
	at org.apache.http.impl.execchain.RetryExec.execute(RetryExec.java:88)
	at org.apache.http.impl.execchain.RedirectExec.execute(RedirectExec.java:110)
	at org.apache.http.impl.client.InternalHttpClient.doExecute(InternalHttpClient.java:184)
	at org.apache.http.impl.client.CloseableHttpClient.execute(CloseableHttpClient.java:71)
	at org.apache.http.impl.client.CloseableHttpClient.execute(CloseableHttpClient.java:55)
	at org.openqa.selenium.remote.internal.ApacheHttpClient.fallBackExecute(ApacheHttpClient.java:144)
	at org.openqa.selenium.remote.internal.ApacheHttpClient.execute(ApacheHttpClient.java:90)
	at org.openqa.selenium.remote.HttpCommandExecutor.execute(HttpCommandExecutor.java:142)
	at org.openqa.selenium.firefox.internal.NewProfileExtensionConnection.execute(NewProfileExtensionConnection.java:160)
	at org.openqa.selenium.firefox.FirefoxDriver$LazyCommandExecutor.execute(FirefoxDriver.java:380)
	at org.openqa.selenium.remote.RemoteWebDriver.execute(RemoteWebDriver.java:644)
	... 23 more
Caused by: java.net.ConnectException: Connection refused: connect
	at java.net.DualStackPlainSocketImpl.waitForConnect(Native Method)
	at java.net.DualStackPlainSocketImpl.socketConnect(Unknown Source)
	at java.net.AbstractPlainSocketImpl.doConnect(Unknown Source)
	at java.net.AbstractPlainSocketImpl.connectToAddress(Unknown Source)
	at java.net.AbstractPlainSocketImpl.connect(Unknown Source)
	at java.net.PlainSocketImpl.connect(Unknown Source)
	at java.net.SocksSocketImpl.connect(Unknown Source)
	at java.net.Socket.connect(Unknown Source)
	at org.apache.http.conn.socket.PlainConnectionSocketFactory.connectSocket(PlainConnectionSocketFactory.java:74)
	at org.apache.http.impl.conn.DefaultHttpClientConnectionOperator.connect(DefaultHttpClientConnectionOperator.java:134)
	... 38 more
]]>
            </full-stacktrace>
          </exception> <!-- org.openqa.selenium.remote.UnreachableBrowserException -->
          <reporter-output>
          </reporter-output>
        </test-method> <!-- endTest -->
      </class> <!-- testCases.searchDoctor -->
    </test> <!-- firefoxTestCase -->
  </suite> <!-- Suite -->
</testng-results>
